<?xml version="1.0" encoding="UTF-8"?>
<!-- Generated by org.testng.reporters.JUnitXMLReporter -->
<testsuite ignored="0" hostname="JapneetS-LAP" failures="1" tests="1" name="RegisterPageTests" time="22.434" errors="0" timestamp="14 Nov 2022 09:18:19 GMT">
  <testcase classname="pageTests.RegisterPageTests" name="testPositiveRegistrationOfUser" time="20.779">
    <failure type="java.lang.AssertionError" message="expected [Your Account Has Been Created!] but found [Register Account]">
      <![CDATA[java.lang.AssertionError: expected [Your Account Has Been Created!] but found [Register Account]
at pageTests.RegisterPageTests.testPositiveRegistrationOfUser(RegisterPageTests.java:25)
at java.base/java.util.concurrent.FutureTask.run(FutureTask.java:264)
at java.base/java.util.concurrent.ThreadPoolExecutor.runWorker(ThreadPoolExecutor.java:1136)
at java.base/java.util.concurrent.ThreadPoolExecutor$Worker.run(ThreadPoolExecutor.java:635)
at java.base/java.lang.Thread.run(Thread.java:833)
... Removed 20 stack frames]]>
    </failure>
  </testcase> <!-- testPositiveRegistrationOfUser -->
</testsuite> <!-- RegisterPageTests -->
